{
  "Cucumber Features": {
    "coverage": {
      "/home/saasbook/New_HW4/rottenpotatoes/app/controllers/application_controller.rb": [
        1,
        1,
        null
      ],
      "/home/saasbook/New_HW4/rottenpotatoes/app/helpers/application_helper.rb": [
        1,
        null
      ],
      "/home/saasbook/New_HW4/rottenpotatoes/app/helpers/movies_helper.rb": [
        1,
        null,
        1,
        0,
        null,
        null
      ],
      "/home/saasbook/New_HW4/rottenpotatoes/app/controllers/movies_controller.rb": [
        1,
        null,
        1,
        3,
        3,
        3,
        null,
        null,
        1,
        25,
        25,
        null,
        9,
        null,
        7,
        null,
        25,
        25,
        null,
        25,
        30,
        null,
        null,
        25,
        5,
        5,
        5,
        null,
        null,
        20,
        6,
        6,
        6,
        6,
        null,
        14,
        null,
        1,
        0,
        0,
        0,
        null,
        null,
        1,
        1,
        null,
        null,
        1,
        1,
        1,
        1,
        1,
        null,
        null,
        1,
        0,
        0,
        0,
        0,
        null,
        null,
        1,
        2,
        2,
        1,
        null,
        1,
        1,
        null,
        null,
        null
      ],
      "/home/saasbook/New_HW4/rottenpotatoes/app/models/movie.rb": [
        1,
        null,
        1,
        null,
        1,
        25,
        null,
        null,
        1,
        1,
        null,
        null,
        null,
        null
      ]
    },
    "timestamp": 1459556822
  },
  "RSpec": {
    "coverage": {
      "/home/saasbook/New_HW4/rottenpotatoes/app/controllers/application_controller.rb": [
        1,
        1,
        null
      ],
      "/home/saasbook/New_HW4/rottenpotatoes/app/helpers/application_helper.rb": [
        1,
        null
      ],
      "/home/saasbook/New_HW4/rottenpotatoes/app/helpers/movies_helper.rb": [
        1,
        null,
        1,
        0,
        null,
        null
      ],
      "/home/saasbook/New_HW4/rottenpotatoes/app/controllers/movies_controller.rb": [
        1,
        null,
        1,
        0,
        0,
        0,
        null,
        null,
        1,
        0,
        0,
        null,
        0,
        null,
        0,
        null,
        0,
        0,
        null,
        0,
        0,
        null,
        null,
        0,
        0,
        0,
        0,
        null,
        null,
        0,
        0,
        0,
        0,
        0,
        null,
        0,
        null,
        1,
        1,
        1,
        1,
        null,
        null,
        1,
        0,
        null,
        null,
        1,
        1,
        1,
        1,
        1,
        null,
        null,
        1,
        1,
        1,
        1,
        1,
        null,
        null,
        1,
        3,
        3,
        2,
        null,
        1,
        1,
        null,
        null,
        null
      ],
      "/home/saasbook/New_HW4/rottenpotatoes/app/models/movie.rb": [
        1,
        null,
        1,
        null,
        1,
        0,
        null,
        null,
        1,
        0,
        null,
        null,
        null,
        null
      ]
    },
    "timestamp": 1459556669
  }
}
